<?xml version="1.0" encoding="UTF-8"?><testrun name="TestmyProject" project="delectable" tests="11" started="11" failures="1" errors="0" ignored="0">
  <testsuite name="TestmyProject" time="0.003">
    <testcase name="CustomerSetName" classname="TestmyProject" time="0.001"/>
    <testcase name="OrderGetDelivaryDate" classname="TestmyProject" time="0.0"/>
    <testcase name="OrderGetID" classname="TestmyProject" time="0.0"/>
    <testcase name="CustomerSetId" classname="TestmyProject" time="0.0"/>
    <testcase name="OrderGetPurchaseDate" classname="TestmyProject" time="0.0"/>
    <testcase name="OrderGetAmount" classname="TestmyProject" time="0.001">
      <failure>java.lang.AssertionError: Use assertEquals(expected, actual, delta) to compare floating-point numbers
	at org.junit.Assert.fail(Assert.java:88)
	at org.junit.Assert.assertEquals(Assert.java:667)
	at org.junit.Assert.assertEquals(Assert.java:656)
	at TestmyProject.OrderGetAmount(TestmyProject.java:74)
	at sun.reflect.NativeMethodAccessorImpl.invoke0(Native Method)
	at sun.reflect.NativeMethodAccessorImpl.invoke(NativeMethodAccessorImpl.java:62)
	at sun.reflect.DelegatingMethodAccessorImpl.invoke(DelegatingMethodAccessorImpl.java:43)
	at java.lang.reflect.Method.invoke(Method.java:498)
	at org.junit.runners.model.FrameworkMethod$1.runReflectiveCall(FrameworkMethod.java:50)
	at org.junit.internal.runners.model.ReflectiveCallable.run(ReflectiveCallable.java:12)
	at org.junit.runners.model.FrameworkMethod.invokeExplosively(FrameworkMethod.java:47)
	at org.junit.internal.runners.statements.InvokeMethod.evaluate(InvokeMethod.java:17)
	at org.junit.runners.ParentRunner.runLeaf(ParentRunner.java:325)
	at org.junit.runners.BlockJUnit4ClassRunner.runChild(BlockJUnit4ClassRunner.java:78)
	at org.junit.runners.BlockJUnit4ClassRunner.runChild(BlockJUnit4ClassRunner.java:57)
	at org.junit.runners.ParentRunner$3.run(ParentRunner.java:290)
	at org.junit.runners.ParentRunner$1.schedule(ParentRunner.java:71)
	at org.junit.runners.ParentRunner.runChildren(ParentRunner.java:288)
	at org.junit.runners.ParentRunner.access$000(ParentRunner.java:58)
	at org.junit.runners.ParentRunner$2.evaluate(ParentRunner.java:268)
	at org.junit.runners.ParentRunner.run(ParentRunner.java:363)
	at org.eclipse.jdt.internal.junit4.runner.JUnit4TestReference.run(JUnit4TestReference.java:86)
	at org.eclipse.jdt.internal.junit.runner.TestExecution.run(TestExecution.java:38)
	at org.eclipse.jdt.internal.junit.runner.RemoteTestRunner.runTests(RemoteTestRunner.java:459)
	at org.eclipse.jdt.internal.junit.runner.RemoteTestRunner.runTests(RemoteTestRunner.java:675)
	at org.eclipse.jdt.internal.junit.runner.RemoteTestRunner.run(RemoteTestRunner.java:382)
	at org.eclipse.jdt.internal.junit.runner.RemoteTestRunner.main(RemoteTestRunner.java:192)

</failure>
    </testcase>
    <testcase name="CustomerGetName" classname="TestmyProject" time="0.0"/>
    <testcase name="CustomerSetEmail" classname="TestmyProject" time="0.0"/>
    <testcase name="CustomerSetPhone" classname="TestmyProject" time="0.0"/>
    <testcase name="CustomerGetEmail" classname="TestmyProject" time="0.0"/>
    <testcase name="CustomerGetPhone" classname="TestmyProject" time="0.001"/>
  </testsuite>
</testrun>
